<?xml version="1.0" encoding="UTF-8"?>
<!-- Generated by org.testng.reporters.JUnitXMLReporter -->
<testsuite ignored="0" hostname="FC45964D016E" failures="2" tests="2" name="Navigatebar Test" time="11.491" errors="0" timestamp="2020-11-19T10:59:25 SAST">
  <testcase classname="WeathAcademy.E2EMavenProject.NavigateBar" name="navBar" time="0.001">
    <failure type="java.lang.NullPointerException" message="Cannot invoke &amp;quot;org.openqa.selenium.WebDriver.findElements(org.openqa.selenium.By)&amp;quot; because &amp;quot;this.driver&amp;quot; is null">
      <![CDATA[java.lang.NullPointerException: Cannot invoke "org.openqa.selenium.WebDriver.findElements(org.openqa.selenium.By)" because "this.driver" is null
at pageObjects.LandingPage.getNavigationBar(LandingPage.java:34)
at WeathAcademy.E2EMavenProject.NavigateBar.navBar(NavigateBar.java:33)
at java.base/java.util.ArrayList.forEach(ArrayList.java:1511)
... Removed 27 stack frames]]>
    </failure>
  </testcase> <!-- navBar -->
  <testcase classname="WeathAcademy.E2EMavenProject.NavigateBar" name="navBar" time="0.01">
    <failure type="java.lang.NullPointerException" message="Cannot invoke &amp;quot;org.openqa.selenium.TakesScreenshot.getScreenshotAs(org.openqa.selenium.OutputType)&amp;quot; because &amp;quot;ts&amp;quot; is null">
      <![CDATA[java.lang.NullPointerException: Cannot invoke "org.openqa.selenium.TakesScreenshot.getScreenshotAs(org.openqa.selenium.OutputType)" because "ts" is null
at resources.Base.getScreenShot(Base.java:66)
at WeathAcademy.E2EMavenProject.Listerners.onTestFailure(Listerners.java:38)
at java.base/java.util.ArrayList.forEach(ArrayList.java:1511)
... Removed 24 stack frames]]>
    </failure>
  </testcase> <!-- navBar -->
</testsuite> <!-- Navigatebar Test -->
