<?xml version="1.0" encoding="UTF-8"?>
<!-- Generated by org.testng.reporters.JUnitXMLReporter -->
<testsuite hostname="FC45964D016E" failures="1" tests="4" name="Test" time="61.21" errors="0" timestamp="18 Nov 2020 18:03:42 GMT">
  <testcase classname="WeathAcademy.E2EMavenProject.NavigateBar" name="navBar" time="0.015">
    <failure type="java.lang.NullPointerException" message="Cannot invoke &amp;quot;org.openqa.selenium.WebDriver.findElements(org.openqa.selenium.By)&amp;quot; because &amp;quot;this.driver&amp;quot; is null">
      <![CDATA[java.lang.NullPointerException: Cannot invoke "org.openqa.selenium.WebDriver.findElements(org.openqa.selenium.By)" because "this.driver" is null
	at pageObjects.LandingPage.getNavigationBar(LandingPage.java:34)
	at WeathAcademy.E2EMavenProject.NavigateBar.navBar(NavigateBar.java:26)
... Removed 24 stack frames]]>
    </failure>
  </testcase> <!-- navBar -->
  <testcase classname="WeathAcademy.E2EMavenProject.HomePage" name="BasepageNavigation" time="14.064"/>
  <testcase classname="WeathAcademy.E2EMavenProject.HomePage" name="BasepageNavigation" time="5.384"/>
  <testcase classname="WeathAcademy.E2EMavenProject.ValidateTitle" name="TextValidation" time="0.136"/>
</testsuite> <!-- Test -->
