<?xml version="1.0" encoding="UTF-8"?>
<!-- Generated by org.testng.reporters.JUnitXMLReporter -->
<testsuite ignored="0" hostname="FC45964D016E" failures="1" tests="1" name="Validate Text test" time="36.528" errors="0" timestamp="2020-11-20T12:34:54 SAST">
  <testcase classname="WeathAcademy.E2EMavenProject.ValidateTitle" name="TextValidation" time="0.072">
    <failure type="java.lang.AssertionError" message="expected [FEATURED COURES] but found [FEATURED COURSES]">
      <![CDATA[java.lang.AssertionError: expected [FEATURED COURES] but found [FEATURED COURSES]
at WeathAcademy.E2EMavenProject.ValidateTitle.TextValidation(ValidateTitle.java:37)
at java.base/java.util.ArrayList.forEach(ArrayList.java:1511)
... Removed 33 stack frames]]>
    </failure>
  </testcase> <!-- TextValidation -->
</testsuite> <!-- Validate Text test -->
