<?xml version="1.0" encoding="UTF-8"?>
<!-- Generated by org.testng.reporters.JUnitXMLReporter -->
<testsuite hostname="FC45964D016E" name="Validate Text test" tests="1" failures="1" timestamp="21 Nov 2020 23:56:20 GMT" time="31.702" errors="0">
  <testcase name="TextValidation" time="0.134" classname="WeathAcademy.E2EMavenProject.ValidateTitle">
    <failure type="java.lang.AssertionError" message="expected [FEATURED COURES] but found [FEATURED COURSES]">
      <![CDATA[java.lang.AssertionError: expected [FEATURED COURES] but found [FEATURED COURSES]
	at WeathAcademy.E2EMavenProject.ValidateTitle.TextValidation(ValidateTitle.java:37)
	at org.apache.maven.surefire.testng.TestNGExecutor.run(TestNGExecutor.java:284)
	at org.apache.maven.surefire.testng.TestNGXmlTestSuite.execute(TestNGXmlTestSuite.java:75)
	at org.apache.maven.surefire.testng.TestNGProvider.invoke(TestNGProvider.java:119)
	at org.apache.maven.surefire.booter.ForkedBooter.runSuitesInProcess(ForkedBooter.java:428)
	at org.apache.maven.surefire.booter.ForkedBooter.execute(ForkedBooter.java:162)
	at org.apache.maven.surefire.booter.ForkedBooter.run(ForkedBooter.java:562)
	at org.apache.maven.surefire.booter.ForkedBooter.main(ForkedBooter.java:548)
... Removed 26 stack frames]]>
    </failure>
  </testcase> <!-- TextValidation -->
</testsuite> <!-- Validate Text test -->
