<?xml version="1.0" encoding="UTF-8"?>
<testsuite xmlns:xsi="http://www.w3.org/2001/XMLSchema-instance" xsi:noNamespaceSchemaLocation="https://maven.apache.org/surefire/maven-surefire-plugin/xsd/surefire-test-report-3.0.xsd" version="3.0" name="TestSuite" time="205.626" tests="4" errors="0" skipped="0" failures="1">
  <properties>
[...]
</properties>
  <testcase name="BasepageNavigation[mikekulio@gmail.com, Verite#2](1)" classname="WeathAcademy.E2EMavenProject.HomePage" time="70.005">
    <system-out><![CDATA[firefox
]]></system-out>
    <system-err><![CDATA[1606002780953	geckodriver	INFO	Listening on 127.0.0.1:22498
1606002782402	mozrunner::runner	INFO	Running command: "C:\\Program Files\\Mozilla Firefox\\firefox.exe" "--marionette" "-foreground" "-no-remote" "-profile" "C:\\Users\\user\\AppData\\Local\\Temp\\rust_mozprofileleSS4S"
console.warn: SearchSettings: "get: No settings file exists, new profile?" (new Error("", "(unknown module)"))
JavaScript error: resource://gre/modules/XULStore.jsm, line 66: Error: Can't find profile directory.
1606002809692	Marionette	INFO	Listening on port 62541
1606002815481	Marionette	WARN	TLS certificate errors will be ignored for this session
Nov 22, 2020 1:53:37 AM org.openqa.selenium.remote.ProtocolHandshake createSession
INFO: Detected dialect: W3C
JavaScript error: resource://gre/modules/XULStore.jsm, line 66: Error: Can't find profile directory.
JavaScript error: resource://gre/modules/XULStore.jsm, line 66: Error: Can't find profile directory.
JavaScript error: resource://gre/modules/XULStore.jsm, line 66: Error: Can't find profile directory.
JavaScript error: resource://gre/modules/XULStore.jsm, line 66: Error: Can't find profile directory.
JavaScript error: resource://gre/modules/XULStore.jsm, line 66: Error: Can't find profile directory.
1606002881065	Marionette	WARN	TimedPromise timed out after 500 ms: stacktrace:
TimedPromise/<@chrome://marionette/content/sync.js:228:19
TimedPromise@chrome://marionette/content/sync.js:213:10
interaction.flushEventLoop@chrome://marionette/content/interaction.js:418:10
webdriverClickElement@chrome://marionette/content/interaction.js:179:31
]]></system-err>
  </testcase>
  <testcase name="BasepageNavigation[mikekulio@gmail.com, Grouth32](2)" classname="WeathAcademy.E2EMavenProject.HomePage" time="3.794"/>
  <testcase name="navBar" classname="WeathAcademy.E2EMavenProject.NavigateBar" time="1.173">
    <system-out><![CDATA[firefox
HOME
COURSES
VIDEOS
INTERVIEW GUIDE
PRACTICE
BLOG
ABOUT
CONTACT
8
]]></system-out>
    <system-err><![CDATA[1606002894481	Marionette	INFO	Stopped listening on port 62541
1606002904086	geckodriver	INFO	Listening on 127.0.0.1:40230
1606002905139	mozrunner::runner	INFO	Running command: "C:\\Program Files\\Mozilla Firefox\\firefox.exe" "--marionette" "-foreground" "-no-remote" "-profile" "C:\\Users\\user\\AppData\\Local\\Temp\\rust_mozprofile8bEdBm"
JavaScript error: resource://gre/modules/XULStore.jsm, line 66: Error: Can't find profile directory.
console.warn: SearchSettings: "get: No settings file exists, new profile?" (new Error("", "(unknown module)"))
1606002921655	Marionette	INFO	Listening on port 62689
1606002922381	Marionette	WARN	TLS certificate errors will be ignored for this session
Nov 22, 2020 1:55:22 AM org.openqa.selenium.remote.ProtocolHandshake createSession
INFO: Detected dialect: W3C
]]></system-err>
  </testcase>
  <testcase name="TextValidation" classname="WeathAcademy.E2EMavenProject.ValidateTitle" time="0.349">
    <failure message="expected [FEATURED COURES] but found [FEATURED COURSES]" type="java.lang.AssertionError"><![CDATA[java.lang.AssertionError: expected [FEATURED COURES] but found [FEATURED COURSES]
	at WeathAcademy.E2EMavenProject.ValidateTitle.TextValidation(ValidateTitle.java:37)
]]></failure>
    <system-out><![CDATA[firefox
]]></system-out>
    <system-err><![CDATA[1606002935282	Marionette	INFO	Stopped listening on port 62689

###!!! [Child][RunMessage] Error: Channel closing: too late to send/recv, messages will be lost


###!!! [Child][MessageChannel::SendAndWait] Error: Channel error: cannot send/recv

1606002948817	geckodriver	INFO	Listening on 127.0.0.1:15244
1606002949938	mozrunner::runner	INFO	Running command: "C:\\Program Files\\Mozilla Firefox\\firefox.exe" "--marionette" "-foreground" "-no-remote" "-profile" "C:\\Users\\user\\AppData\\Local\\Temp\\rust_mozprofile3fc9Oq"
JavaScript error: resource://gre/modules/XULStore.jsm, line 66: Error: Can't find profile directory.
console.warn: SearchSettings: "get: No settings file exists, new profile?" (new Error("", "(unknown module)"))
1606002955684	Marionette	INFO	Listening on port 62790
1606002956040	Marionette	WARN	TLS certificate errors will be ignored for this session
Nov 22, 2020 1:55:56 AM org.openqa.selenium.remote.ProtocolHandshake createSession
INFO: Detected dialect: W3C
]]></system-err>
  </testcase>
</testsuite>