-------------------------------------------------------------------------------
Test set: TestSuite
-------------------------------------------------------------------------------
Tests run: 4, Failures: 1, Errors: 0, Skipped: 0, Time elapsed: 205.626 s <<< FAILURE! - in TestSuite
WeathAcademy.E2EMavenProject.ValidateTitle.TextValidation  Time elapsed: 0.349 s  <<< FAILURE!
java.lang.AssertionError: expected [FEATURED COURES] but found [FEATURED COURSES]
	at WeathAcademy.E2EMavenProject.ValidateTitle.TextValidation(ValidateTitle.java:37)

