<?xml version="1.0" encoding="UTF-8"?>
<testng-results ignored="0" total="1" passed="1" failed="0" skipped="0">
  <reporter-output>
  </reporter-output>
  <suite started-at="2020-11-22T10:15:02 SAST" name="Suite" finished-at="2020-11-22T10:16:20 SAST" duration-ms="77714">
    <groups>
      <group name="cucumber">
        <method signature="AbstractTestNGCucumberTests.feature(cucumber.api.testng.CucumberFeatureWrapper)[pri:0, instance:cucumberOptions.TestRunner@6e2aa843]" name="feature" class="cucumber.api.testng.AbstractTestNGCucumberTests"/>
      </group> <!-- cucumber -->
    </groups>
    <test started-at="2020-11-22T10:15:02 SAST" name="Cucumeber Tests" finished-at="2020-11-22T10:16:20 SAST" duration-ms="77714">
      <class name="cucumberOptions.TestRunner">
        <test-method is-config="true" signature="setUpClass()[pri:0, instance:cucumberOptions.TestRunner@6e2aa843]" started-at="2020-11-22T10:15:02 SAST" name="setUpClass" finished-at="2020-11-22T10:15:02 SAST" duration-ms="387" status="PASS">
          <reporter-output>
          </reporter-output>
        </test-method> <!-- setUpClass -->
        <test-method signature="feature(cucumber.api.testng.CucumberFeatureWrapper)[pri:0, instance:cucumberOptions.TestRunner@6e2aa843]" started-at="2020-11-22T10:15:03 SAST" name="feature" description="Runs Cucumber Feature" data-provider="features" finished-at="2020-11-22T10:16:20 SAST" duration-ms="76862" status="PASS">
          <params>
            <param index="0">
              <value>
                <![CDATA[Login Application]]>
              </value>
            </param>
          </params>
          <reporter-output>
          </reporter-output>
        </test-method> <!-- feature -->
        <test-method is-config="true" signature="tearDownClass()[pri:0, instance:cucumberOptions.TestRunner@6e2aa843]" started-at="2020-11-22T10:16:20 SAST" name="tearDownClass" finished-at="2020-11-22T10:16:20 SAST" duration-ms="7" status="PASS">
          <reporter-output>
          </reporter-output>
        </test-method> <!-- tearDownClass -->
      </class> <!-- cucumberOptions.TestRunner -->
    </test> <!-- Cucumeber Tests -->
  </suite> <!-- Suite -->
</testng-results>
